running egg_info
creating ../../build/vlm_ros2/vlm_ros2.egg-info
writing ../../build/vlm_ros2/vlm_ros2.egg-info/PKG-INFO
writing dependency_links to ../../build/vlm_ros2/vlm_ros2.egg-info/dependency_links.txt
writing entry points to ../../build/vlm_ros2/vlm_ros2.egg-info/entry_points.txt
writing requirements to ../../build/vlm_ros2/vlm_ros2.egg-info/requires.txt
writing top-level names to ../../build/vlm_ros2/vlm_ros2.egg-info/top_level.txt
writing manifest file '../../build/vlm_ros2/vlm_ros2.egg-info/SOURCES.txt'
reading manifest file '../../build/vlm_ros2/vlm_ros2.egg-info/SOURCES.txt'
writing manifest file '../../build/vlm_ros2/vlm_ros2.egg-info/SOURCES.txt'
running build
running build_py
creating /home/kabilankb/ros2_vlm/build/vlm_ros2/build
creating /home/kabilankb/ros2_vlm/build/vlm_ros2/build/lib
creating /home/kabilankb/ros2_vlm/build/vlm_ros2/build/lib/vlm_ros2
copying vlm_ros2/__init__.py -> /home/kabilankb/ros2_vlm/build/vlm_ros2/build/lib/vlm_ros2
copying vlm_ros2/ros2_vila.py -> /home/kabilankb/ros2_vlm/build/vlm_ros2/build/lib/vlm_ros2
running install
running install_lib
creating /home/kabilankb/ros2_vlm/install/vlm_ros2/lib/python3.10/site-packages/vlm_ros2
copying /home/kabilankb/ros2_vlm/build/vlm_ros2/build/lib/vlm_ros2/__init__.py -> /home/kabilankb/ros2_vlm/install/vlm_ros2/lib/python3.10/site-packages/vlm_ros2
copying /home/kabilankb/ros2_vlm/build/vlm_ros2/build/lib/vlm_ros2/ros2_vila.py -> /home/kabilankb/ros2_vlm/install/vlm_ros2/lib/python3.10/site-packages/vlm_ros2
byte-compiling /home/kabilankb/ros2_vlm/install/vlm_ros2/lib/python3.10/site-packages/vlm_ros2/__init__.py to __init__.cpython-310.pyc
byte-compiling /home/kabilankb/ros2_vlm/install/vlm_ros2/lib/python3.10/site-packages/vlm_ros2/ros2_vila.py to ros2_vila.cpython-310.pyc
running install_data
creating /home/kabilankb/ros2_vlm/install/vlm_ros2/share/ament_index
creating /home/kabilankb/ros2_vlm/install/vlm_ros2/share/ament_index/resource_index
creating /home/kabilankb/ros2_vlm/install/vlm_ros2/share/ament_index/resource_index/packages
copying resource/vlm_ros2 -> /home/kabilankb/ros2_vlm/install/vlm_ros2/share/ament_index/resource_index/packages
copying package.xml -> /home/kabilankb/ros2_vlm/install/vlm_ros2/share/vlm_ros2
running install_egg_info
Copying ../../build/vlm_ros2/vlm_ros2.egg-info to /home/kabilankb/ros2_vlm/install/vlm_ros2/lib/python3.10/site-packages/vlm_ros2-0.0.0-py3.10.egg-info
running install_scripts
Installing ros2_vila script to /home/kabilankb/ros2_vlm/install/vlm_ros2/lib/vlm_ros2
writing list of installed files to '/home/kabilankb/ros2_vlm/build/vlm_ros2/install.log'
